<?xml version="1.0" encoding="UTF-8"?>
<!-- Generated by org.testng.reporters.JUnitXMLReporter -->
<testsuite hostname="nahian-PC" name="Default test" tests="2" failures="0" timestamp="21 Aug 2017 17:42:16 GMT" time="26.906" errors="0">
  <testcase name="scrollingToBottomofAPage" time="3.115" classname="com.nahian.PracticeProject.ScrollTest.Scroll"/>
  <testcase name="scrollingByCoordinatesofAPage" time="5.079" classname="com.nahian.PracticeProject.ScrollTest.Scroll"/>
</testsuite> <!-- Default test -->
