<?xml version="1.0" encoding="UTF-8"?>
<testng-results skipped="0" failed="0" total="2" passed="2">
  <reporter-output>
  </reporter-output>
  <suite name="Default suite" duration-ms="26906" started-at="2017-08-21T17:41:49Z" finished-at="2017-08-21T17:42:16Z">
    <groups>
    </groups>
    <test name="Default test" duration-ms="26906" started-at="2017-08-21T17:41:49Z" finished-at="2017-08-21T17:42:16Z">
      <class name="com.nahian.PracticeProject.ScrollTest.Scroll">
        <test-method status="PASS" signature="setUp()[pri:0, instance:com.nahian.PracticeProject.ScrollTest.Scroll@18355a8]" name="setUp" is-config="true" duration-ms="18650" started-at="2017-08-21T23:41:49Z" finished-at="2017-08-21T23:42:08Z">
          <reporter-output>
          </reporter-output>
        </test-method> <!-- setUp -->
        <test-method status="PASS" signature="scrollingToBottomofAPage()[pri:0, instance:com.nahian.PracticeProject.ScrollTest.Scroll@18355a8]" name="scrollingToBottomofAPage" duration-ms="3115" started-at="2017-08-21T23:42:08Z" finished-at="2017-08-21T23:42:11Z">
          <reporter-output>
          </reporter-output>
        </test-method> <!-- scrollingToBottomofAPage -->
        <test-method status="PASS" signature="scrollingByCoordinatesofAPage()[pri:0, instance:com.nahian.PracticeProject.ScrollTest.Scroll@18355a8]" name="scrollingByCoordinatesofAPage" duration-ms="5079" started-at="2017-08-21T23:42:11Z" finished-at="2017-08-21T23:42:16Z">
          <reporter-output>
          </reporter-output>
        </test-method> <!-- scrollingByCoordinatesofAPage -->
      </class> <!-- com.nahian.PracticeProject.ScrollTest.Scroll -->
    </test> <!-- Default test -->
  </suite> <!-- Default suite -->
</testng-results>
